<?xml version="1.0" encoding="UTF-8"?>
<!-- Generated by org.testng.reporters.JUnitReportReporter -->
<testsuite hostname="Asma-LP" failures="0" tests="2" name="testcases.VerifyRegistrationTestcases" time="8.715" errors="0" timestamp="2024-04-27T00:02:07 IST" skipped="0">
  <testcase classname="testcases.VerifyRegistrationTestcases" name="verifyRegisterationWithInValidData" time="4.080"/>
  <system-out/>
  <testcase classname="testcases.VerifyRegistrationTestcases" name="verifyRegisterationWithValidData" time="4.635"/>
  <system-out/>
</testsuite> <!-- testcases.VerifyRegistrationTestcases -->
